
> lop@0.0.1 dev
> npm run dev:party & npm run dev:sveltekit


> lop@0.0.1 dev:sveltekit
> vite dev


> lop@0.0.1 dev:party
> partykit dev --port 1999

🎈 PartyKit v0.0.115
---------------------
Loading environment variables from .env

[2K[1A[2K[GBuild succeeded, starting server...


  VITE v7.0.4  ready in 286 ms

  ➜  Local:   http://localhost:5173/
  ➜  Network: use --host to expose
[2K[1A[2K[G[pk:inf] Ready on http://0.0.0.0:1999

[2K[1A[2K[G[pk:inf] - http://127.0.0.1:1999

[2K[1A[2K[G[pk:inf] - http://192.168.86.33:1999

[2K[1A[2K[GBuild succeeded, starting server...

[2K[1A[2K[G[pk:inf] Updated and ready on http://0.0.0.0:1999

[2K[1A[2K[GLobby received GET request to: /parties/main/main/stories

[2K[1A[2K[G[pk:inf] GET /parties/main/main/stories 200 OK (3ms)

[2K[1A[2K[GLobby received POST request to: /parties/main/main/create-poll

[2K[1A[2K[GCreating new poll with ID: 8f64349e-cd5c-4814-ba7e-913a259ae27a

[2K[1A[2K[G[pk:inf] POST /parties/main/main/create-poll 200 OK (3ms)

